<?xml version="1.0" encoding="utf-8"?><testsuites name="pytest tests"><testsuite name="pytest" errors="0" failures="0" skipped="0" tests="22" time="10.677" timestamp="2026-03-27T05:33:16.862700+00:00" hostname="agent-env-11bc63c1-e642-46b9-88ec-a604e44efcae"><testcase classname="backend.tests.test_pricing_and_bookings.TestAdminAuth" name="test_admin_login" time="0.486" /><testcase classname="backend.tests.test_pricing_and_bookings.TestServicesManagement" name="test_get_services" time="0.486" /><testcase classname="backend.tests.test_pricing_and_bookings.TestServicesManagement" name="test_create_service" time="0.459" /><testcase classname="backend.tests.test_pricing_and_bookings.TestPricingRules" name="test_get_pricing_rules" time="0.443" /><testcase classname="backend.tests.test_pricing_and_bookings.TestPricingRules" name="test_create_per_km_pricing_rule" time="0.479" /><testcase classname="backend.tests.test_pricing_and_bookings.TestPricingRules" name="test_create_time_based_pricing_rule" time="0.441" /><testcase classname="backend.tests.test_pricing_and_bookings.TestPricingRules" name="test_create_route_based_pricing_rule" time="0.429" /><testcase classname="backend.tests.test_pricing_and_bookings.TestPricingRules" name="test_create_daily_rental_pricing_rule" time="0.431" /><testcase classname="backend.tests.test_pricing_and_bookings.TestRateCards" name="test_get_rate_cards" time="0.418" /><testcase classname="backend.tests.test_pricing_and_bookings.TestRateCards" name="test_get_clients" time="0.469" /><testcase classname="backend.tests.test_pricing_and_bookings.TestRateCards" name="test_create_rate_card" time="0.737" /><testcase classname="backend.tests.test_pricing_and_bookings.TestCorporateAuth" name="test_corporate_login" time="0.335" /><testcase classname="backend.tests.test_pricing_and_bookings.TestCorporateBookings" name="test_get_employees" time="0.442" /><testcase classname="backend.tests.test_pricing_and_bookings.TestCorporateBookings" name="test_get_bookings" time="0.435" /><testcase classname="backend.tests.test_pricing_and_bookings.TestCorporateBookings" name="test_create_one_way_booking" time="0.538" /><testcase classname="backend.tests.test_pricing_and_bookings.TestCorporateBookings" name="test_create_round_trip_booking" time="0.547" /><testcase classname="backend.tests.test_pricing_and_bookings.TestCorporateBookings" name="test_create_recurring_booking" time="0.547" /><testcase classname="backend.tests.test_pricing_and_bookings.TestCorporateBookings" name="test_create_multi_employee_booking" time="0.574" /><testcase classname="backend.tests.test_pricing_and_bookings.TestPricingEstimate" name="test_estimate_pricing_with_vehicle" time="0.461" /><testcase classname="backend.tests.test_pricing_and_bookings.TestPricingEstimate" name="test_estimate_pricing_round_trip" time="0.427" /><testcase classname="backend.tests.test_pricing_and_bookings.TestPricingEstimate" name="test_estimate_pricing_without_vehicle" time="0.423" /><testcase classname="backend.tests.test_pricing_and_bookings.TestCorporateDashboard" name="test_get_dashboard_stats" time="0.462" /></testsuite></testsuites>