<?xml version="1.0" encoding="utf-8"?><testsuites name="pytest tests"><testsuite name="pytest" errors="0" failures="0" skipped="0" tests="31" time="4.480" timestamp="2026-03-27T11:42:41.119816+00:00" hostname="agent-env-11bc63c1-e642-46b9-88ec-a604e44efcae"><testcase classname="backend.tests.test_contracts_dutyslips.TestAdminAuthentication" name="test_admin_login" time="0.388" /><testcase classname="backend.tests.test_contracts_dutyslips.TestContractCRUD" name="test_get_clients" time="0.119" /><testcase classname="backend.tests.test_contracts_dutyslips.TestContractCRUD" name="test_create_contract_fixed_monthly" time="0.110" /><testcase classname="backend.tests.test_contracts_dutyslips.TestContractCRUD" name="test_create_contract_per_km" time="0.117" /><testcase classname="backend.tests.test_contracts_dutyslips.TestContractCRUD" name="test_create_contract_per_day" time="0.105" /><testcase classname="backend.tests.test_contracts_dutyslips.TestContractCRUD" name="test_create_contract_package" time="0.118" /><testcase classname="backend.tests.test_contracts_dutyslips.TestContractCRUD" name="test_create_contract_hybrid" time="0.104" /><testcase classname="backend.tests.test_contracts_dutyslips.TestContractCRUD" name="test_get_contracts_list" time="0.100" /><testcase classname="backend.tests.test_contracts_dutyslips.TestContractCRUD" name="test_get_contract_by_id" time="0.098" /><testcase classname="backend.tests.test_contracts_dutyslips.TestContractCRUD" name="test_get_client_contracts" time="0.132" /><testcase classname="backend.tests.test_contracts_dutyslips.TestTripManagement" name="test_get_vehicles" time="0.201" /><testcase classname="backend.tests.test_contracts_dutyslips.TestTripManagement" name="test_get_drivers" time="0.101" /><testcase classname="backend.tests.test_contracts_dutyslips.TestTripManagement" name="test_create_trip" time="0.102" /><testcase classname="backend.tests.test_contracts_dutyslips.TestTripManagement" name="test_assign_trip" time="0.222" /><testcase classname="backend.tests.test_contracts_dutyslips.TestTripManagement" name="test_update_trip_status_to_accepted" time="0.328" /><testcase classname="backend.tests.test_contracts_dutyslips.TestDutySlipLifecycle" name="test_create_duty_slip" time="0.128" /><testcase classname="backend.tests.test_contracts_dutyslips.TestDutySlipLifecycle" name="test_duty_slip_already_exists_error" time="0.105" /><testcase classname="backend.tests.test_contracts_dutyslips.TestDutySlipLifecycle" name="test_get_duty_slip" time="0.110" /><testcase classname="backend.tests.test_contracts_dutyslips.TestDutySlipLifecycle" name="test_get_duty_slip_by_trip" time="0.104" /><testcase classname="backend.tests.test_contracts_dutyslips.TestDutySlipLifecycle" name="test_complete_duty_slip" time="0.104" /><testcase classname="backend.tests.test_contracts_dutyslips.TestDutySlipLifecycle" name="test_sign_duty_slip" time="0.206" /><testcase classname="backend.tests.test_contracts_dutyslips.TestDutySlipLifecycle" name="test_cannot_modify_signed_slip" time="0.099" /><testcase classname="backend.tests.test_contracts_dutyslips.TestDutySlipLifecycle" name="test_get_duty_slips_list" time="0.115" /><testcase classname="backend.tests.test_contracts_dutyslips.TestDutySlipLifecycle" name="test_get_duty_slips_with_filters" time="0.110" /><testcase classname="backend.tests.test_contracts_dutyslips.TestInvoiceGeneration" name="test_generate_invoice_from_slips" time="0.110" /><testcase classname="backend.tests.test_contracts_dutyslips.TestInvoiceGeneration" name="test_create_invoice_with_duty_slips" time="0.105" /><testcase classname="backend.tests.test_contracts_dutyslips.TestInvoiceGeneration" name="test_get_invoices" time="0.116" /><testcase classname="backend.tests.test_contracts_dutyslips.TestCorporatePortal" name="test_corporate_login" time="0.322" /><testcase classname="backend.tests.test_contracts_dutyslips.TestCorporatePortal" name="test_get_corporate_duty_slips" time="0.107" /><testcase classname="backend.tests.test_contracts_dutyslips.TestCorporatePortal" name="test_get_corporate_monthly_summary" time="0.103" /><testcase classname="backend.tests.test_contracts_dutyslips.TestCorporatePortal" name="test_get_corporate_contract" time="0.106" /></testsuite></testsuites>