<?xml version="1.0" encoding="utf-8"?><testsuites name="pytest tests"><testsuite name="pytest" errors="0" failures="0" skipped="1" tests="15" time="8.031" timestamp="2026-03-31T08:41:50.641535+00:00" hostname="agent-env-11bc63c1-e642-46b9-88ec-a604e44efcae"><testcase classname="backend.tests.test_iteration4_features.TestAdminAuth" name="test_admin_login" time="0.389" /><testcase classname="backend.tests.test_iteration4_features.TestDefaultRatesAPI" name="test_get_default_rates" time="0.428" /><testcase classname="backend.tests.test_iteration4_features.TestDefaultRatesAPI" name="test_update_default_rates" time="0.542" /><testcase classname="backend.tests.test_iteration4_features.TestTripAssignmentWithContract" name="test_get_clients_and_contracts" time="0.534" /><testcase classname="backend.tests.test_iteration4_features.TestTripAssignmentWithContract" name="test_create_trip_and_assign_with_contract" time="0.811"><skipped type="pytest.skip" message="No available vehicles or drivers for testing">/app/backend/tests/test_iteration4_features.py:162: No available vehicles or drivers for testing</skipped></testcase><testcase classname="backend.tests.test_iteration4_features.TestInvoiceUpdateAPI" name="test_get_invoices" time="0.485" /><testcase classname="backend.tests.test_iteration4_features.TestInvoiceUpdateAPI" name="test_update_invoice_line_items" time="0.543" /><testcase classname="backend.tests.test_iteration4_features.TestInvoiceUpdateAPI" name="test_update_invoice_extra_charges" time="0.541" /><testcase classname="backend.tests.test_iteration4_features.TestInvoiceUpdateAPI" name="test_update_invoice_gst" time="0.570" /><testcase classname="backend.tests.test_iteration4_features.TestInvoiceUpdateAPI" name="test_update_invoice_status" time="0.605" /><testcase classname="backend.tests.test_iteration4_features.TestInvoiceDetailsWithDutySlips" name="test_get_invoice_with_details" time="0.521" /><testcase classname="backend.tests.test_iteration4_features.TestBillingPageInvoiceGeneration" name="test_get_signed_duty_slips" time="0.417" /><testcase classname="backend.tests.test_iteration4_features.TestBillingPageInvoiceGeneration" name="test_create_invoice_from_duty_slips" time="0.616" /><testcase classname="backend.tests.test_iteration4_features.TestCorporateBookingNoEstimatedFare" name="test_corporate_booking_no_pricing_estimate" time="0.539" /><testcase classname="backend.tests.test_iteration4_features.TestInvoiceDutySlipCount" name="test_invoice_has_duty_slip_count" time="0.415" /></testsuite></testsuites>