<?xml version="1.0" encoding="utf-8"?><testsuites name="pytest tests"><testsuite name="pytest" errors="0" failures="0" skipped="0" tests="14" time="5.754" timestamp="2026-04-05T09:01:03.594306+00:00" hostname="agent-env-11bc63c1-e642-46b9-88ec-a604e44efcae"><testcase classname="backend.tests.test_iteration6_features.TestHealthAndAuth" name="test_health_endpoint" time="0.124" /><testcase classname="backend.tests.test_iteration6_features.TestHealthAndAuth" name="test_admin_login" time="0.385" /><testcase classname="backend.tests.test_iteration6_features.TestManualPricingInvoice" name="test_get_clients" time="0.425" /><testcase classname="backend.tests.test_iteration6_features.TestManualPricingInvoice" name="test_get_duty_slips" time="0.105" /><testcase classname="backend.tests.test_iteration6_features.TestManualPricingInvoice" name="test_create_manual_pricing_invoice" time="0.343" /><testcase classname="backend.tests.test_iteration6_features.TestContractPDFExtraction" name="test_pdf_extraction_endpoint_exists" time="0.095" /><testcase classname="backend.tests.test_iteration6_features.TestContractPDFExtraction" name="test_pdf_extraction_with_sample_url" time="3.112" /><testcase classname="backend.tests.test_iteration6_features.TestTripManagementFilters" name="test_get_duties_endpoint" time="0.137" /><testcase classname="backend.tests.test_iteration6_features.TestTripManagementFilters" name="test_duties_have_required_fields_for_filtering" time="0.097" /><testcase classname="backend.tests.test_iteration6_features.TestTripManagementFilters" name="test_get_drivers_for_filter" time="0.131" /><testcase classname="backend.tests.test_iteration6_features.TestContractManagement" name="test_get_contracts" time="0.096" /><testcase classname="backend.tests.test_iteration6_features.TestContractManagement" name="test_contract_has_vehicle_rate_cards_field" time="0.176" /><testcase classname="backend.tests.test_iteration6_features.TestBillingPage" name="test_get_invoices" time="0.100" /><testcase classname="backend.tests.test_iteration6_features.TestBillingPage" name="test_invoice_has_manual_pricing_support" time="0.206" /></testsuite></testsuites>