<?xml version="1.0" encoding="utf-8"?><testsuites name="pytest tests"><testsuite name="pytest" errors="0" failures="0" skipped="1" tests="14" time="5.902" timestamp="2026-05-21T19:05:06.484640+00:00" hostname="agent-env-11bc63c1-e642-46b9-88ec-a604e44efcae"><testcase classname="backend.tests.test_driver_portal.TestDriverAuth" name="test_health_check" time="0.195" /><testcase classname="backend.tests.test_driver_portal.TestDriverAuth" name="test_send_otp_valid_driver" time="0.475" /><testcase classname="backend.tests.test_driver_portal.TestDriverAuth" name="test_send_otp_unregistered_driver" time="0.164" /><testcase classname="backend.tests.test_driver_portal.TestDriverAuth" name="test_verify_otp_invalid" time="0.479" /><testcase classname="backend.tests.test_driver_portal.TestDriverAuth" name="test_verify_otp_no_request" time="0.214" /><testcase classname="backend.tests.test_driver_portal.TestDriverTrips" name="test_get_drivers_list" time="0.517" /><testcase classname="backend.tests.test_driver_portal.TestDriverTrips" name="test_driver_trips_endpoint_requires_auth" time="0.602" /><testcase classname="backend.tests.test_driver_portal.TestDriverTrips" name="test_driver_profile_endpoint_requires_auth" time="0.708" /><testcase classname="backend.tests.test_driver_portal.TestTripActions" name="test_trip_accept_requires_driver_auth" time="0.593" /><testcase classname="backend.tests.test_driver_portal.TestTripActions" name="test_trip_reject_requires_driver_auth" time="0.719" /><testcase classname="backend.tests.test_driver_portal.TestTripActions" name="test_trip_start_requires_driver_auth" time="0.552" /><testcase classname="backend.tests.test_driver_portal.TestTripActions" name="test_trip_complete_requires_driver_auth" time="0.468" /><testcase classname="backend.tests.test_driver_portal.TestDriverLocation" name="test_location_update_requires_auth" time="0.140" /><testcase classname="backend.tests.test_driver_portal.TestDutySlipValidation" name="test_duty_slips_endpoint" time="0.000"><skipped type="pytest.skip" message="Backend bug: duty slips created by driver portal missing required fields for DutySlip response model">/app/backend/tests/test_driver_portal.py:216: Backend bug: duty slips created by driver portal missing required fields for DutySlip response model</skipped></testcase></testsuite></testsuites>