<?xml version="1.0" encoding="utf-8"?><testsuites name="pytest tests"><testsuite name="pytest" errors="0" failures="0" skipped="0" tests="10" time="4.531" timestamp="2026-05-21T11:33:04.988874+00:00" hostname="agent-env-11bc63c1-e642-46b9-88ec-a604e44efcae"><testcase classname="backend.tests.test_iteration7_features.TestIteration7Features" name="test_health_endpoint" time="0.482" /><testcase classname="backend.tests.test_iteration7_features.TestIteration7Features" name="test_get_contracts_endpoint" time="0.386" /><testcase classname="backend.tests.test_iteration7_features.TestIteration7Features" name="test_contract_vehicle_rate_card_has_local_driver_allowance" time="0.462" /><testcase classname="backend.tests.test_iteration7_features.TestIteration7Features" name="test_contract_fixed_route_has_max_km_included" time="0.424" /><testcase classname="backend.tests.test_iteration7_features.TestIteration7Features" name="test_get_invoices_endpoint" time="0.375" /><testcase classname="backend.tests.test_iteration7_features.TestIteration7Features" name="test_create_invoice_with_manual_trip_entries_no_duty_slips" time="0.434" /><testcase classname="backend.tests.test_iteration7_features.TestIteration7Features" name="test_create_invoice_with_manual_pricing_and_trips_combined" time="0.579" /><testcase classname="backend.tests.test_iteration7_features.TestIteration7Features" name="test_invoice_validation_requires_manual_pricing_or_duty_slips" time="0.425" /><testcase classname="backend.tests.test_iteration7_features.TestIteration7Features" name="test_get_duty_slips_endpoint" time="0.411" /><testcase classname="backend.tests.test_iteration7_features.TestIteration7Features" name="test_cleanup_test_contracts" time="0.375" /></testsuite></testsuites>